[1003/141352.549:ERROR:process_info.cc(329)] VirtualQueryEx: Access is denied. (0x5)
[1003/141352.552:ERROR:process_info.cc(556)] ReadMemoryInfo failed
[1003/141352.552:ERROR:process_memory_win.cc(39)] Failed to initialize ProcessInfo.
[1003/141352.552:ERROR:scoped_process_suspend.cc(40)] NtResumeProcess: An attempt was made to access an exiting process. (0xc000010a)
[1007/100240.190:ERROR:crash_report_database_win.cc(469)] failed to stat report
[1007/100240.191:ERROR:crash_report_database_win.cc(469)] failed to stat report
[1007/100240.191:ERROR:crash_report_database_win.cc(469)] failed to stat report
[1007/100240.191:ERROR:crash_report_database_win.cc(469)] failed to stat report
[1007/100240.191:ERROR:crash_report_database_win.cc(469)] failed to stat report
[1007/100240.199:ERROR:crash_report_database_win.cc(469)] failed to stat report
[1007/100240.199:ERROR:crash_report_database_win.cc(469)] failed to stat report
[1007/100240.200:ERROR:crash_report_database_win.cc(469)] failed to stat report
[1007/100240.200:ERROR:crash_report_database_win.cc(469)] failed to stat report
[1007/100240.200:ERROR:crash_report_database_win.cc(469)] failed to stat report
[1007/100240.200:ERROR:crash_report_database_win.cc(469)] failed to stat report
[1007/100240.200:ERROR:crash_report_database_win.cc(469)] failed to stat report
[1007/100240.200:ERROR:crash_report_database_win.cc(469)] failed to stat report
[1007/100240.200:ERROR:crash_report_database_win.cc(469)] failed to stat report
[1007/100240.200:ERROR:crash_report_database_win.cc(469)] failed to stat report
[1008/133451.234:ERROR:crash_report_database_win.cc(469)] failed to stat report
[1008/133451.234:ERROR:crash_report_database_win.cc(469)] failed to stat report
[1008/133451.234:ERROR:crash_report_database_win.cc(469)] failed to stat report
[1008/133451.234:ERROR:crash_report_database_win.cc(469)] failed to stat report
[1008/133451.234:ERROR:crash_report_database_win.cc(469)] failed to stat report
[1008/133451.234:ERROR:crash_report_database_win.cc(469)] failed to stat report
[1008/133451.234:ERROR:crash_report_database_win.cc(469)] failed to stat report
[1008/133451.235:ERROR:crash_report_database_win.cc(469)] failed to stat report
[1008/133451.235:ERROR:crash_report_database_win.cc(469)] failed to stat report
[1008/133451.235:ERROR:crash_report_database_win.cc(469)] failed to stat report
[1008/133451.235:ERROR:crash_report_database_win.cc(469)] failed to stat report
[1008/133451.235:ERROR:crash_report_database_win.cc(469)] failed to stat report
[1008/133451.235:ERROR:crash_report_database_win.cc(469)] failed to stat report
[1008/133451.235:ERROR:crash_report_database_win.cc(469)] failed to stat report
[1008/133451.235:ERROR:crash_report_database_win.cc(469)] failed to stat report
[1008/175505.897:ERROR:crash_report_database_win.cc(469)] failed to stat report
[1008/175505.923:ERROR:crash_report_database_win.cc(469)] failed to stat report
[1008/175505.923:ERROR:crash_report_database_win.cc(469)] failed to stat report
[1008/175505.923:ERROR:crash_report_database_win.cc(469)] failed to stat report
[1008/175505.923:ERROR:crash_report_database_win.cc(469)] failed to stat report
[1008/175505.923:ERROR:crash_report_database_win.cc(469)] failed to stat report
[1008/175505.924:ERROR:crash_report_database_win.cc(469)] failed to stat report
[1008/175505.924:ERROR:crash_report_database_win.cc(469)] failed to stat report
[1008/175505.924:ERROR:crash_report_database_win.cc(469)] failed to stat report
[1008/175505.924:ERROR:crash_report_database_win.cc(469)] failed to stat report
[1008/175505.924:ERROR:crash_report_database_win.cc(469)] failed to stat report
[1008/175505.924:ERROR:crash_report_database_win.cc(469)] failed to stat report
[1008/175505.924:ERROR:crash_report_database_win.cc(469)] failed to stat report
[1008/175505.924:ERROR:crash_report_database_win.cc(469)] failed to stat report
[1008/175505.924:ERROR:crash_report_database_win.cc(469)] failed to stat report
[1008/191235.698:ERROR:crash_report_database_win.cc(469)] failed to stat report
[1008/191235.699:ERROR:crash_report_database_win.cc(469)] failed to stat report
[1008/191235.699:ERROR:crash_report_database_win.cc(469)] failed to stat report
[1008/191235.699:ERROR:crash_report_database_win.cc(469)] failed to stat report
[1008/191235.699:ERROR:crash_report_database_win.cc(469)] failed to stat report
[1008/191235.699:ERROR:crash_report_database_win.cc(469)] failed to stat report
[1008/191235.699:ERROR:crash_report_database_win.cc(469)] failed to stat report
[1008/191235.699:ERROR:crash_report_database_win.cc(469)] failed to stat report
[1008/191235.699:ERROR:crash_report_database_win.cc(469)] failed to stat report
[1008/191235.699:ERROR:crash_report_database_win.cc(469)] failed to stat report
[1008/191235.699:ERROR:crash_report_database_win.cc(469)] failed to stat report
[1008/191235.699:ERROR:crash_report_database_win.cc(469)] failed to stat report
[1008/191235.699:ERROR:crash_report_database_win.cc(469)] failed to stat report
[1008/191235.699:ERROR:crash_report_database_win.cc(469)] failed to stat report
[1008/191235.699:ERROR:crash_report_database_win.cc(469)] failed to stat report
